<?xml version="1.0" encoding="UTF-8"?>
<robot generator="Robot 4.0.3 (Python 3.9.6 on win32)" generated="20210716 18:32:04.582" rpa="false" schemaversion="2">
<suite id="s1" name="ExercíciosVarios" source="C:\Users\mcavalcantti\sistreinamento\TreinamentoSIS-git\TreinamentoSIS-git\ExercíciosVarios.robot">
<test id="s1-t1" name="Tentando idade">
<kw name="Verificar idade">
<arg>18</arg>
<if>
<branch type="IF" condition="'${idade}' &gt;= '18'">
<kw name="Log To Console" library="BuiltIn">
<arg>É maior de idade</arg>
<doc>Logs the given message to the console.</doc>
<status status="PASS" starttime="20210716 18:32:04.615" endtime="20210716 18:32:04.615"/>
</kw>
<status status="PASS" starttime="20210716 18:32:04.615" endtime="20210716 18:32:04.615"/>
</branch>
<status status="PASS" starttime="20210716 18:32:04.614" endtime="20210716 18:32:04.615"/>
</if>
<status status="PASS" starttime="20210716 18:32:04.613" endtime="20210716 18:32:04.615"/>
</kw>
<status status="PASS" starttime="20210716 18:32:04.613" endtime="20210716 18:32:04.616"/>
</test>
<test id="s1-t2" name="Identificar numero">
<kw name="Identificar numero 5">
<for flavor="IN">
<var>${contador}</var>
<value>@{numeros}</value>
<iter>
<var name="${contador}">6</var>
<if>
<branch type="IF" condition="'${contador}'=='5'">
<kw name="Log To Console" library="BuiltIn">
<arg>Sucess/${contador}</arg>
<doc>Logs the given message to the console.</doc>
<status status="NOT RUN" starttime="20210716 18:32:04.620" endtime="20210716 18:32:04.620"/>
</kw>
<status status="NOT RUN" starttime="20210716 18:32:04.620" endtime="20210716 18:32:04.620"/>
</branch>
<status status="PASS" starttime="20210716 18:32:04.619" endtime="20210716 18:32:04.620"/>
</if>
<status status="PASS" starttime="20210716 18:32:04.619" endtime="20210716 18:32:04.620"/>
</iter>
<iter>
<var name="${contador}">6</var>
<if>
<branch type="IF" condition="'${contador}'=='5'">
<kw name="Log To Console" library="BuiltIn">
<arg>Sucess/${contador}</arg>
<doc>Logs the given message to the console.</doc>
<status status="NOT RUN" starttime="20210716 18:32:04.620" endtime="20210716 18:32:04.620"/>
</kw>
<status status="NOT RUN" starttime="20210716 18:32:04.620" endtime="20210716 18:32:04.620"/>
</branch>
<status status="PASS" starttime="20210716 18:32:04.620" endtime="20210716 18:32:04.620"/>
</if>
<status status="PASS" starttime="20210716 18:32:04.620" endtime="20210716 18:32:04.620"/>
</iter>
<iter>
<var name="${contador}">7</var>
<if>
<branch type="IF" condition="'${contador}'=='5'">
<kw name="Log To Console" library="BuiltIn">
<arg>Sucess/${contador}</arg>
<doc>Logs the given message to the console.</doc>
<status status="NOT RUN" starttime="20210716 18:32:04.621" endtime="20210716 18:32:04.621"/>
</kw>
<status status="NOT RUN" starttime="20210716 18:32:04.621" endtime="20210716 18:32:04.621"/>
</branch>
<status status="PASS" starttime="20210716 18:32:04.620" endtime="20210716 18:32:04.621"/>
</if>
<status status="PASS" starttime="20210716 18:32:04.620" endtime="20210716 18:32:04.621"/>
</iter>
<iter>
<var name="${contador}">2</var>
<if>
<branch type="IF" condition="'${contador}'=='5'">
<kw name="Log To Console" library="BuiltIn">
<arg>Sucess/${contador}</arg>
<doc>Logs the given message to the console.</doc>
<status status="NOT RUN" starttime="20210716 18:32:04.621" endtime="20210716 18:32:04.621"/>
</kw>
<status status="NOT RUN" starttime="20210716 18:32:04.621" endtime="20210716 18:32:04.621"/>
</branch>
<status status="PASS" starttime="20210716 18:32:04.621" endtime="20210716 18:32:04.621"/>
</if>
<status status="PASS" starttime="20210716 18:32:04.621" endtime="20210716 18:32:04.621"/>
</iter>
<iter>
<var name="${contador}">8</var>
<if>
<branch type="IF" condition="'${contador}'=='5'">
<kw name="Log To Console" library="BuiltIn">
<arg>Sucess/${contador}</arg>
<doc>Logs the given message to the console.</doc>
<status status="NOT RUN" starttime="20210716 18:32:04.622" endtime="20210716 18:32:04.622"/>
</kw>
<status status="NOT RUN" starttime="20210716 18:32:04.622" endtime="20210716 18:32:04.622"/>
</branch>
<status status="PASS" starttime="20210716 18:32:04.621" endtime="20210716 18:32:04.622"/>
</if>
<status status="PASS" starttime="20210716 18:32:04.621" endtime="20210716 18:32:04.622"/>
</iter>
<iter>
<var name="${contador}">5</var>
<if>
<branch type="IF" condition="'${contador}'=='5'">
<kw name="Log To Console" library="BuiltIn">
<arg>Sucess/${contador}</arg>
<doc>Logs the given message to the console.</doc>
<status status="PASS" starttime="20210716 18:32:04.622" endtime="20210716 18:32:04.623"/>
</kw>
<status status="PASS" starttime="20210716 18:32:04.622" endtime="20210716 18:32:04.623"/>
</branch>
<status status="PASS" starttime="20210716 18:32:04.622" endtime="20210716 18:32:04.623"/>
</if>
<status status="PASS" starttime="20210716 18:32:04.622" endtime="20210716 18:32:04.623"/>
</iter>
<iter>
<var name="${contador}">2</var>
<if>
<branch type="IF" condition="'${contador}'=='5'">
<kw name="Log To Console" library="BuiltIn">
<arg>Sucess/${contador}</arg>
<doc>Logs the given message to the console.</doc>
<status status="NOT RUN" starttime="20210716 18:32:04.623" endtime="20210716 18:32:04.623"/>
</kw>
<status status="NOT RUN" starttime="20210716 18:32:04.623" endtime="20210716 18:32:04.623"/>
</branch>
<status status="PASS" starttime="20210716 18:32:04.623" endtime="20210716 18:32:04.623"/>
</if>
<status status="PASS" starttime="20210716 18:32:04.623" endtime="20210716 18:32:04.623"/>
</iter>
<iter>
<var name="${contador}">1</var>
<if>
<branch type="IF" condition="'${contador}'=='5'">
<kw name="Log To Console" library="BuiltIn">
<arg>Sucess/${contador}</arg>
<doc>Logs the given message to the console.</doc>
<status status="NOT RUN" starttime="20210716 18:32:04.623" endtime="20210716 18:32:04.623"/>
</kw>
<status status="NOT RUN" starttime="20210716 18:32:04.623" endtime="20210716 18:32:04.623"/>
</branch>
<status status="PASS" starttime="20210716 18:32:04.623" endtime="20210716 18:32:04.623"/>
</if>
<status status="PASS" starttime="20210716 18:32:04.623" endtime="20210716 18:32:04.624"/>
</iter>
<iter>
<var name="${contador}">2</var>
<if>
<branch type="IF" condition="'${contador}'=='5'">
<kw name="Log To Console" library="BuiltIn">
<arg>Sucess/${contador}</arg>
<doc>Logs the given message to the console.</doc>
<status status="NOT RUN" starttime="20210716 18:32:04.624" endtime="20210716 18:32:04.624"/>
</kw>
<status status="NOT RUN" starttime="20210716 18:32:04.624" endtime="20210716 18:32:04.624"/>
</branch>
<status status="PASS" starttime="20210716 18:32:04.624" endtime="20210716 18:32:04.624"/>
</if>
<status status="PASS" starttime="20210716 18:32:04.624" endtime="20210716 18:32:04.624"/>
</iter>
<status status="PASS" starttime="20210716 18:32:04.619" endtime="20210716 18:32:04.624"/>
</for>
<status status="PASS" starttime="20210716 18:32:04.619" endtime="20210716 18:32:04.624"/>
</kw>
<status status="PASS" starttime="20210716 18:32:04.618" endtime="20210716 18:32:04.624"/>
</test>
<status status="PASS" starttime="20210716 18:32:04.583" endtime="20210716 18:32:04.626"/>
</suite>
<statistics>
<total>
<stat pass="2" fail="0" skip="0">All Tests</stat>
</total>
<tag>
</tag>
<suite>
<stat pass="2" fail="0" skip="0" id="s1" name="ExercíciosVarios">ExercíciosVarios</stat>
</suite>
</statistics>
<errors>
</errors>
</robot>
